{
  "RSpec": {
    "coverage": {
      "/home/kalinka/odin/ruby/chess/spec/game_spec.rb": {
        "lines": [
          null,
          null,
          1,
          null,
          1,
          11,
          null,
          1,
          1,
          1,
          1,
          null,
          null,
          1,
          1,
          1,
          null,
          null,
          null,
          1,
          1,
          1,
          1,
          null,
          null,
          1,
          1,
          1,
          1,
          null,
          null,
          null,
          1,
          null,
          null,
          null,
          null,
          null,
          null,
          null,
          null,
          null,
          null,
          null,
          null,
          null,
          null,
          null,
          null,
          null,
          null,
          null,
          null,
          null,
          1,
          1,
          1,
          1,
          1,
          null,
          null,
          1,
          1,
          null,
          null,
          1,
          1,
          null,
          null,
          1,
          1,
          null,
          null,
          1,
          1,
          1,
          1,
          1,
          1,
          1,
          null,
          null,
          null,
          null,
          null,
          null,
          null,
          null,
          null,
          null,
          null,
          null,
          null,
          null,
          null,
          null,
          null,
          null,
          null,
          null,
          1,
          null,
          null,
          1,
          1,
          null,
          null,
          null,
          null
        ]
      },
      "/home/kalinka/odin/ruby/chess/lib/game.rb": {
        "lines": [
          null,
          null,
          1,
          null,
          1,
          1,
          null,
          1,
          10,
          10,
          10,
          null,
          null,
          1,
          2,
          2,
          null,
          null,
          1,
          9,
          9,
          9,
          9,
          null,
          8,
          null,
          7,
          7,
          null,
          5,
          5,
          5,
          null,
          null,
          1,
          0,
          0,
          0,
          0,
          0,
          0,
          null,
          0,
          null,
          null,
          1,
          0,
          0,
          null,
          null,
          1,
          3,
          null,
          null,
          1,
          null,
          1,
          15,
          14,
          null,
          1,
          null,
          null,
          null,
          1,
          0,
          null,
          null,
          1,
          8,
          null,
          8,
          null,
          null,
          1,
          0,
          null,
          null,
          1,
          18,
          18,
          18,
          null,
          null,
          1,
          7,
          null,
          7,
          0,
          0,
          null,
          7,
          7,
          7,
          null,
          7,
          0,
          0,
          0,
          null,
          null,
          7,
          0,
          0,
          0,
          null,
          null,
          7,
          1,
          2,
          2,
          null,
          null,
          6,
          5,
          11,
          11,
          null,
          null,
          1,
          0,
          0,
          0,
          null,
          null,
          1,
          1,
          1,
          1,
          null,
          null,
          0,
          0,
          0,
          0,
          null,
          null,
          0,
          0,
          0,
          0,
          null,
          null,
          7,
          null,
          null,
          1,
          12,
          12,
          12,
          null,
          null,
          1,
          null,
          7,
          null,
          7,
          7,
          null,
          12,
          null,
          1,
          null,
          null
        ]
      },
      "/home/kalinka/odin/ruby/chess/lib/board.rb": {
        "lines": [
          null,
          null,
          1,
          1,
          1,
          1,
          1,
          1,
          null,
          1,
          1,
          null,
          1,
          10,
          10,
          10,
          10,
          10,
          10,
          10,
          10,
          10,
          null,
          10,
          10,
          10,
          10,
          10,
          10,
          10,
          10,
          null,
          10,
          10,
          10,
          10,
          10,
          10,
          10,
          10,
          null,
          10,
          10,
          10,
          10,
          10,
          10,
          10,
          10,
          null,
          null,
          1,
          58,
          104,
          1552,
          null,
          null,
          null,
          null,
          null,
          1,
          0,
          0,
          0,
          0,
          null,
          null,
          1,
          0,
          0,
          0,
          0,
          null,
          null,
          0,
          null,
          null,
          1,
          8,
          8,
          8,
          67,
          67,
          67,
          39,
          null,
          null,
          8,
          null,
          6,
          11,
          null,
          null,
          6,
          4,
          0,
          4,
          0,
          null,
          2,
          1,
          1,
          0,
          null,
          null,
          8,
          null,
          null
        ]
      },
      "/home/kalinka/odin/ruby/chess/lib/figures/knight.rb": {
        "lines": [
          null,
          null,
          1,
          null,
          1,
          1,
          0,
          null,
          0,
          null,
          null,
          1,
          0,
          null,
          null
        ]
      },
      "/home/kalinka/odin/ruby/chess/lib/figures/figure.rb": {
        "lines": [
          null,
          null,
          1,
          1,
          null,
          1,
          320,
          320,
          320,
          null,
          null,
          1,
          5,
          5,
          null,
          null
        ]
      },
      "/home/kalinka/odin/ruby/chess/lib/figures/rook.rb": {
        "lines": [
          null,
          null,
          1,
          null,
          1,
          1,
          0,
          null,
          0,
          null,
          null,
          1,
          2,
          null,
          null,
          null,
          null,
          null
        ]
      },
      "/home/kalinka/odin/ruby/chess/lib/figures/bishop.rb": {
        "lines": [
          null,
          null,
          1,
          null,
          1,
          1,
          0,
          null,
          0,
          null,
          null,
          1,
          0,
          null,
          null,
          null,
          null,
          null
        ]
      },
      "/home/kalinka/odin/ruby/chess/lib/figures/king.rb": {
        "lines": [
          null,
          null,
          1,
          null,
          1,
          1,
          0,
          null,
          0,
          null,
          null,
          1,
          0,
          null,
          null
        ]
      },
      "/home/kalinka/odin/ruby/chess/lib/figures/queen.rb": {
        "lines": [
          null,
          null,
          1,
          null,
          1,
          1,
          0,
          null,
          0,
          null,
          null,
          1,
          0,
          null,
          null,
          null,
          null,
          null,
          null,
          null,
          null,
          null
        ]
      },
      "/home/kalinka/odin/ruby/chess/lib/figures/pawn.rb": {
        "lines": [
          null,
          null,
          1,
          null,
          1,
          1,
          0,
          null,
          0,
          null,
          null,
          1,
          6,
          6,
          4,
          4,
          null,
          2,
          2,
          null,
          6,
          null,
          null,
          1,
          6,
          6,
          4,
          4,
          null,
          2,
          2,
          null,
          6,
          null,
          null
        ]
      }
    },
    "timestamp": 1734554621
  }
}
