{
  "RSpec": {
    "coverage": {
      "/home/kalinka/odin/ruby/chess/spec/board_spec.rb": {
        "lines": [
          null,
          null,
          1,
          null,
          1,
          6,
          null,
          1,
          1,
          1,
          1,
          1,
          null,
          null,
          1,
          1,
          null,
          null,
          null,
          1,
          1,
          1,
          1,
          1,
          null,
          null,
          null,
          1,
          1,
          1,
          null,
          null,
          null,
          1,
          1,
          1,
          1,
          1,
          null,
          null,
          null
        ]
      },
      "/home/kalinka/odin/ruby/chess/lib/board.rb": {
        "lines": [
          null,
          null,
          1,
          1,
          1,
          1,
          1,
          1,
          null,
          1,
          1,
          null,
          1,
          28,
          28,
          28,
          28,
          28,
          28,
          28,
          28,
          28,
          null,
          28,
          28,
          28,
          28,
          28,
          28,
          28,
          28,
          null,
          28,
          28,
          28,
          28,
          28,
          28,
          28,
          28,
          null,
          28,
          28,
          28,
          28,
          28,
          28,
          28,
          28,
          null,
          null,
          1,
          363,
          682,
          10417,
          null,
          null,
          null,
          null,
          null,
          1,
          1,
          1,
          1,
          1,
          null,
          null,
          1,
          1,
          1,
          2,
          32,
          null,
          null,
          1,
          null,
          null,
          1,
          82,
          82,
          82,
          1182,
          1182,
          1182,
          522,
          null,
          null,
          82,
          null,
          37,
          70,
          null,
          null,
          37,
          32,
          2,
          30,
          2,
          null,
          5,
          1,
          4,
          0,
          null,
          null,
          82,
          null,
          null
        ]
      },
      "/home/kalinka/odin/ruby/chess/lib/figures/knight.rb": {
        "lines": [
          null,
          null,
          1,
          null,
          1,
          1,
          4,
          null,
          2,
          null,
          null,
          1,
          10,
          null,
          null
        ]
      },
      "/home/kalinka/odin/ruby/chess/lib/figures/figure.rb": {
        "lines": [
          null,
          null,
          1,
          1,
          null,
          1,
          902,
          902,
          902,
          null,
          null,
          1,
          40,
          40,
          null,
          null,
          1,
          3,
          null,
          null
        ]
      },
      "/home/kalinka/odin/ruby/chess/lib/figures/rook.rb": {
        "lines": [
          null,
          null,
          1,
          null,
          1,
          1,
          4,
          null,
          2,
          null,
          null,
          1,
          14,
          null,
          null,
          null,
          null,
          null
        ]
      },
      "/home/kalinka/odin/ruby/chess/lib/figures/bishop.rb": {
        "lines": [
          null,
          null,
          1,
          null,
          1,
          1,
          4,
          null,
          2,
          null,
          null,
          1,
          14,
          null,
          null,
          null,
          null,
          null
        ]
      },
      "/home/kalinka/odin/ruby/chess/lib/figures/king.rb": {
        "lines": [
          null,
          null,
          1,
          null,
          1,
          1,
          2,
          null,
          1,
          null,
          null,
          1,
          3,
          null,
          null
        ]
      },
      "/home/kalinka/odin/ruby/chess/lib/figures/queen.rb": {
        "lines": [
          null,
          null,
          1,
          null,
          1,
          1,
          2,
          null,
          1,
          null,
          null,
          1,
          4,
          null,
          null,
          null,
          null,
          null,
          null,
          null,
          null,
          null
        ]
      },
      "/home/kalinka/odin/ruby/chess/lib/figures/pawn.rb": {
        "lines": [
          null,
          null,
          1,
          null,
          1,
          1,
          16,
          null,
          8,
          null,
          null,
          1,
          37,
          37,
          32,
          32,
          null,
          5,
          5,
          null,
          37,
          null,
          null,
          1,
          37,
          37,
          32,
          32,
          null,
          5,
          5,
          null,
          37,
          null,
          null
        ]
      },
      "/home/kalinka/odin/ruby/chess/spec/figure_spec.rb": {
        "lines": [
          null,
          null,
          1,
          null,
          1,
          4,
          null,
          1,
          1,
          1,
          1,
          null,
          null,
          1,
          1,
          1,
          null,
          null,
          null,
          1,
          1,
          1,
          null,
          null,
          null
        ]
      },
      "/home/kalinka/odin/ruby/chess/spec/game_spec.rb": {
        "lines": [
          null,
          null,
          1,
          null,
          1,
          11,
          null,
          1,
          1,
          1,
          1,
          null,
          null,
          1,
          1,
          1,
          null,
          null,
          null,
          1,
          1,
          1,
          1,
          null,
          null,
          1,
          1,
          1,
          1,
          null,
          null,
          null,
          1,
          null,
          null,
          null,
          null,
          null,
          null,
          null,
          null,
          null,
          null,
          null,
          null,
          null,
          null,
          null,
          null,
          null,
          null,
          null,
          null,
          null,
          1,
          1,
          1,
          1,
          1,
          null,
          null,
          1,
          1,
          null,
          null,
          1,
          1,
          null,
          null,
          1,
          1,
          null,
          null,
          1,
          1,
          1,
          1,
          1,
          1,
          1,
          null,
          null,
          null,
          null,
          null,
          null,
          null,
          null,
          null,
          null,
          null,
          null,
          null,
          null,
          null,
          null,
          null,
          null,
          null,
          null,
          1,
          null,
          null,
          1,
          1,
          null,
          null,
          1,
          10,
          null,
          1,
          1,
          null,
          null,
          1,
          1,
          null,
          null,
          1,
          1,
          1,
          1,
          null,
          null,
          1,
          1,
          1,
          1,
          1,
          null,
          null,
          1,
          1,
          1,
          null,
          null,
          1,
          1,
          1,
          1,
          null,
          null,
          1,
          1,
          1,
          1,
          1,
          null,
          null,
          1,
          1,
          1,
          1,
          1,
          null,
          null,
          1,
          1,
          null,
          null,
          null,
          null,
          1,
          3,
          null,
          1,
          1,
          1,
          1,
          null,
          null,
          null,
          null,
          null,
          null,
          null,
          null,
          null,
          null,
          null,
          null,
          null,
          null,
          null,
          null,
          null,
          null,
          null,
          null,
          null,
          1,
          null,
          null,
          1,
          1,
          1,
          1,
          1,
          null,
          null,
          null,
          null,
          null,
          null,
          null,
          null,
          null,
          null,
          null,
          null,
          null,
          null,
          null,
          null,
          null,
          null,
          null,
          null,
          1,
          null,
          null,
          null,
          1,
          3,
          null,
          1,
          1,
          null,
          null,
          1,
          null,
          1,
          1,
          1,
          1,
          1,
          null,
          null,
          null
        ]
      },
      "/home/kalinka/odin/ruby/chess/lib/game.rb": {
        "lines": [
          null,
          null,
          1,
          null,
          1,
          1,
          null,
          1,
          23,
          23,
          23,
          null,
          null,
          1,
          2,
          2,
          null,
          null,
          1,
          42,
          42,
          42,
          42,
          null,
          41,
          null,
          40,
          40,
          null,
          38,
          38,
          38,
          null,
          null,
          1,
          4,
          4,
          4,
          38,
          38,
          null,
          2,
          2,
          null,
          2,
          null,
          2,
          null,
          null,
          1,
          2,
          null,
          1,
          1,
          1,
          1,
          null,
          1,
          1,
          null,
          0,
          0,
          null,
          null,
          null,
          null,
          1,
          4,
          null,
          null,
          1,
          null,
          1,
          97,
          87,
          null,
          10,
          null,
          null,
          null,
          1,
          12,
          null,
          null,
          1,
          80,
          null,
          80,
          null,
          null,
          1,
          0,
          null,
          null,
          1,
          84,
          84,
          84,
          null,
          null,
          1,
          43,
          null,
          43,
          5,
          5,
          null,
          38,
          38,
          38,
          null,
          38,
          2,
          13,
          13,
          null,
          null,
          36,
          1,
          6,
          6,
          null,
          null,
          35,
          5,
          9,
          9,
          null,
          null,
          30,
          18,
          35,
          35,
          null,
          null,
          12,
          1,
          2,
          2,
          null,
          null,
          11,
          2,
          3,
          3,
          null,
          null,
          9,
          4,
          16,
          16,
          null,
          null,
          5,
          5,
          8,
          8,
          null,
          null,
          38,
          null,
          null,
          1,
          81,
          81,
          81,
          null,
          null,
          1,
          null,
          43,
          null,
          43,
          43,
          null,
          95,
          null,
          1,
          null,
          null
        ]
      }
    },
    "timestamp": 1736335003
  }
}
